{
  "_index": "wazuh-archives-4.x-2023.01.10",
  "_type": "_doc",
  "_id": "3CSqmoUB6tWvkp2uKVgD",
  "_version": 1,
  "_score": null,
  "_source": {
    "agent": {
      "ip": "10.0.16.136",
      "name": "windows",
      "id": "001"
    },
    "manager": {
      "name": "wazuh"
    },
    "data": {
      "win": {
        "eventdata": {
          "image": "C:\\\\Windows\\\\system32\\\\svchost.exe",
          "targetObject": "HKLM\\\\SOFTWARE\\\\Microsoft\\\\Windows NT\\\\CurrentVersion\\\\Schedule\\\\TaskCache\\\\Tree\\\\nbveek.exe",
          "processGuid": "{6656408f-157b-63bd-1900-000000000900}",
          "processId": "1148",
          "utcTime": "2023-01-10 07:51:58.888",
          "ruleName": "technique_id=T1053,technique_name=Scheduled Task",
          "eventType": "CreateKey",
          "user": "NT AUTHORITY\\\\SYSTEM"
        },
        "system": {
          "eventID": "12",
          "keywords": "0x8000000000000000",
          "providerGuid": "{5770385f-c22a-43e0-bf4c-06f5698ffbd9}",
          "level": "4",
          "channel": "Microsoft-Windows-Sysmon/Operational",
          "opcode": "0",
          "message": "\"Registry object added or deleted:\r\nRuleName: technique_id=T1053,technique_name=Scheduled Task\r\nEventType: CreateKey\r\nUtcTime: 2023-01-10 07:51:58.888\r\nProcessGuid: {6656408f-157b-63bd-1900-000000000900}\r\nProcessId: 1148\r\nImage: C:\\Windows\\system32\\svchost.exe\r\nTargetObject: HKLM\\SOFTWARE\\Microsoft\\Windows NT\\CurrentVersion\\Schedule\\TaskCache\\Tree\\nbveek.exe\r\nUser: NT AUTHORITY\\SYSTEM\"",
          "version": "2",
          "systemTime": "2023-01-10T07:51:58.8915407Z",
          "eventRecordID": "40039",
          "threadID": "3908",
          "computer": "windows",
          "task": "12",
          "processID": "2644",
          "severityValue": "INFORMATION",
          "providerName": "Microsoft-Windows-Sysmon"
        }
      }
    },
    "decoder": {
      "name": "windows_eventchannel"
    },
    "full_log": "{\"win\":{\"system\":{\"providerName\":\"Microsoft-Windows-Sysmon\",\"providerGuid\":\"{5770385f-c22a-43e0-bf4c-06f5698ffbd9}\",\"eventID\":\"12\",\"version\":\"2\",\"level\":\"4\",\"task\":\"12\",\"opcode\":\"0\",\"keywords\":\"0x8000000000000000\",\"systemTime\":\"2023-01-10T07:51:58.8915407Z\",\"eventRecordID\":\"40039\",\"processID\":\"2644\",\"threadID\":\"3908\",\"channel\":\"Microsoft-Windows-Sysmon/Operational\",\"computer\":\"windows\",\"severityValue\":\"INFORMATION\",\"message\":\"\\\"Registry object added or deleted:\\r\\nRuleName: technique_id=T1053,technique_name=Scheduled Task\\r\\nEventType: CreateKey\\r\\nUtcTime: 2023-01-10 07:51:58.888\\r\\nProcessGuid: {6656408f-157b-63bd-1900-000000000900}\\r\\nProcessId: 1148\\r\\nImage: C:\\\\Windows\\\\system32\\\\svchost.exe\\r\\nTargetObject: HKLM\\\\SOFTWARE\\\\Microsoft\\\\Windows NT\\\\CurrentVersion\\\\Schedule\\\\TaskCache\\\\Tree\\\\nbveek.exe\\r\\nUser: NT AUTHORITY\\\\SYSTEM\\\"\"},\"eventdata\":{\"ruleName\":\"technique_id=T1053,technique_name=Scheduled Task\",\"eventType\":\"CreateKey\",\"utcTime\":\"2023-01-10 07:51:58.888\",\"processGuid\":\"{6656408f-157b-63bd-1900-000000000900}\",\"processId\":\"1148\",\"image\":\"C:\\\\\\\\Windows\\\\\\\\system32\\\\\\\\svchost.exe\",\"targetObject\":\"HKLM\\\\\\\\SOFTWARE\\\\\\\\Microsoft\\\\\\\\Windows NT\\\\\\\\CurrentVersion\\\\\\\\Schedule\\\\\\\\TaskCache\\\\\\\\Tree\\\\\\\\nbveek.exe\",\"user\":\"NT AUTHORITY\\\\\\\\SYSTEM\"}}}",
    "input": {
      "type": "log"
    },
    "@timestamp": "2023-01-10T07:51:59.264Z",
    "location": "EventChannel",
    "id": "1673337119.430663",
    "timestamp": "2023-01-10T07:51:59.264+0000"
  },
  "fields": {
    "@timestamp": [
      "2023-01-10T07:51:59.264Z"
    ],
    "timestamp": [
      "2023-01-10T07:51:59.264Z"
    ]
  },
  "highlight": {
    "agent.name": [
      "@opensearch-dashboards-highlighted-field@windows@/opensearch-dashboards-highlighted-field@"
    ],
    "full_log": [
      "{\"win\":{\"system\":{\"providerName\":\"Microsoft-Windows-Sysmon\",\"providerGuid\":\"{5770385f-c22a-43e0-bf4c-06f5698ffbd9}\",\"eventID\":\"12\",\"version\":\"2\",\"level\":\"4\",\"task\":\"12\",\"opcode\":\"0\",\"keywords\":\"0x8000000000000000\",\"systemTime\":\"2023-01-10T07:51:58.8915407Z\",\"eventRecordID\":\"40039\",\"processID\":\"2644\",\"threadID\":\"3908\",\"channel\":\"Microsoft-Windows-Sysmon/Operational\",\"computer\":\"windows\",\"severityValue\":\"INFORMATION\",\"message\":\"\\\"Registry object added or deleted:\\r\\nRuleName: technique_id=T1053,technique_name=Scheduled Task\\r\\nEventType: CreateKey\\r\\nUtcTime: 2023-01-10 07:51:58.888\\r\\nProcessGuid: {6656408f-157b-63bd-1900-000000000900}\\r\\nProcessId: 1148\\r\\nImage: C:\\\\Windows\\\\system32\\\\svchost.exe\\r\\nTargetObject: HKLM\\\\SOFTWARE\\\\Microsoft\\\\Windows NT\\\\CurrentVersion\\\\Schedule\\\\TaskCache\\\\Tree\\\\@opensearch-dashboards-highlighted-field@nbveek.exe@/opensearch-dashboards-highlighted-field@\\r\\nUser: NT AUTHORITY\\\\SYSTEM\\\"\"},\"eventdata\":{\"ruleName\":\"technique_id=T1053,technique_name=Scheduled Task\",\"eventType\":\"CreateKey\",\"utcTime\":\"2023-01-10 07:51:58.888\",\"processGuid\":\"{6656408f-157b-63bd-1900-000000000900}\",\"processId\":\"1148\",\"image\":\"C:\\\\\\\\Windows\\\\\\\\system32\\\\\\\\svchost.exe\",\"targetObject\":\"HKLM\\\\\\\\SOFTWARE\\\\\\\\Microsoft\\\\\\\\Windows NT\\\\\\\\CurrentVersion\\\\\\\\Schedule\\\\\\\\TaskCache\\\\\\\\Tree\\\\\\\\@opensearch-dashboards-highlighted-field@nbveek.exe@/opensearch-dashboards-highlighted-field@\",\"user\":\"NT AUTHORITY\\\\\\\\SYSTEM\"}}}"
    ]
  },
  "sort": [
    1673337119264
  ]
}
