{
  "_index": "wazuh-archives-4.x-2023.01.10",
  "_type": "_doc",
  "_id": "5SSqmoUB6tWvkp2uMFjQ",
  "_version": 1,
  "_score": null,
  "_source": {
    "agent": {
      "ip": "10.0.16.136",
      "name": "windows",
      "id": "001"
    },
    "manager": {
      "name": "wazuh"
    },
    "data": {
      "win": {
        "eventdata": {
          "destinationPort": "80",
          "image": "C:\\\\Users\\\\wazuh\\\\AppData\\\\Local\\\\Temp\\\\d003af69b2\\\\nbveek.exe",
          "sourcePort": "49765",
          "initiated": "true",
          "destinationIp": "62.204.41.182",
          "protocol": "tcp",
          "processGuid": "{6656408f-191e-63bd-e501-000000000900}",
          "sourceIp": "10.0.16.136",
          "processId": "3056",
          "utcTime": "2023-01-10 07:51:57.284",
          "ruleName": "technique_id=T1036,technique_name=Masquerading",
          "destinationIsIpv6": "false",
          "user": "WINDOWS\\\\wazuh",
          "sourceIsIpv6": "false"
        },
        "system": {
          "eventID": "3",
          "keywords": "0x8000000000000000",
          "providerGuid": "{5770385f-c22a-43e0-bf4c-06f5698ffbd9}",
          "level": "4",
          "channel": "Microsoft-Windows-Sysmon/Operational",
          "opcode": "0",
          "message": "\"Network connection detected:\r\nRuleName: technique_id=T1036,technique_name=Masquerading\r\nUtcTime: 2023-01-10 07:51:57.284\r\nProcessGuid: {6656408f-191e-63bd-e501-000000000900}\r\nProcessId: 3056\r\nImage: C:\\Users\\wazuh\\AppData\\Local\\Temp\\d003af69b2\\nbveek.exe\r\nUser: WINDOWS\\wazuh\r\nProtocol: tcp\r\nInitiated: true\r\nSourceIsIpv6: false\r\nSourceIp: 10.0.16.136\r\nSourceHostname: -\r\nSourcePort: 49765\r\nSourcePortName: -\r\nDestinationIsIpv6: false\r\nDestinationIp: 62.204.41.182\r\nDestinationHostname: -\r\nDestinationPort: 80\r\nDestinationPortName: -\"",
          "version": "5",
          "systemTime": "2023-01-10T07:52:00.0041978Z",
          "eventRecordID": "40047",
          "threadID": "3856",
          "computer": "windows",
          "task": "3",
          "processID": "2644",
          "severityValue": "INFORMATION",
          "providerName": "Microsoft-Windows-Sysmon"
        }
      }
    },
    "decoder": {
      "name": "windows_eventchannel"
    },
    "full_log": "{\"win\":{\"system\":{\"providerName\":\"Microsoft-Windows-Sysmon\",\"providerGuid\":\"{5770385f-c22a-43e0-bf4c-06f5698ffbd9}\",\"eventID\":\"3\",\"version\":\"5\",\"level\":\"4\",\"task\":\"3\",\"opcode\":\"0\",\"keywords\":\"0x8000000000000000\",\"systemTime\":\"2023-01-10T07:52:00.0041978Z\",\"eventRecordID\":\"40047\",\"processID\":\"2644\",\"threadID\":\"3856\",\"channel\":\"Microsoft-Windows-Sysmon/Operational\",\"computer\":\"windows\",\"severityValue\":\"INFORMATION\",\"message\":\"\\\"Network connection detected:\\r\\nRuleName: technique_id=T1036,technique_name=Masquerading\\r\\nUtcTime: 2023-01-10 07:51:57.284\\r\\nProcessGuid: {6656408f-191e-63bd-e501-000000000900}\\r\\nProcessId: 3056\\r\\nImage: C:\\\\Users\\\\wazuh\\\\AppData\\\\Local\\\\Temp\\\\d003af69b2\\\\nbveek.exe\\r\\nUser: WINDOWS\\\\wazuh\\r\\nProtocol: tcp\\r\\nInitiated: true\\r\\nSourceIsIpv6: false\\r\\nSourceIp: 10.0.16.136\\r\\nSourceHostname: -\\r\\nSourcePort: 49765\\r\\nSourcePortName: -\\r\\nDestinationIsIpv6: false\\r\\nDestinationIp: 62.204.41.182\\r\\nDestinationHostname: -\\r\\nDestinationPort: 80\\r\\nDestinationPortName: -\\\"\"},\"eventdata\":{\"ruleName\":\"technique_id=T1036,technique_name=Masquerading\",\"utcTime\":\"2023-01-10 07:51:57.284\",\"processGuid\":\"{6656408f-191e-63bd-e501-000000000900}\",\"processId\":\"3056\",\"image\":\"C:\\\\\\\\Users\\\\\\\\wazuh\\\\\\\\AppData\\\\\\\\Local\\\\\\\\Temp\\\\\\\\d003af69b2\\\\\\\\nbveek.exe\",\"user\":\"WINDOWS\\\\\\\\wazuh\",\"protocol\":\"tcp\",\"initiated\":\"true\",\"sourceIsIpv6\":\"false\",\"sourceIp\":\"10.0.16.136\",\"sourcePort\":\"49765\",\"destinationIsIpv6\":\"false\",\"destinationIp\":\"62.204.41.182\",\"destinationPort\":\"80\"}}}",
    "input": {
      "type": "log"
    },
    "@timestamp": "2023-01-10T07:52:00.152Z",
    "location": "EventChannel",
    "id": "1673337120.430663",
    "timestamp": "2023-01-10T07:52:00.152+0000"
  },
  "fields": {
    "@timestamp": [
      "2023-01-10T07:52:00.152Z"
    ],
    "timestamp": [
      "2023-01-10T07:52:00.152Z"
    ]
  },
  "highlight": {
    "agent.name": [
      "@opensearch-dashboards-highlighted-field@windows@/opensearch-dashboards-highlighted-field@"
    ],
    "full_log": [
      "{\"win\":{\"system\":{\"providerName\":\"Microsoft-Windows-Sysmon\",\"providerGuid\":\"{5770385f-c22a-43e0-bf4c-06f5698ffbd9}\",\"eventID\":\"3\",\"version\":\"5\",\"level\":\"4\",\"task\":\"3\",\"opcode\":\"0\",\"keywords\":\"0x8000000000000000\",\"systemTime\":\"2023-01-10T07:52:00.0041978Z\",\"eventRecordID\":\"40047\",\"processID\":\"2644\",\"threadID\":\"3856\",\"channel\":\"Microsoft-Windows-Sysmon/Operational\",\"computer\":\"windows\",\"severityValue\":\"INFORMATION\",\"message\":\"\\\"Network connection detected:\\r\\nRuleName: technique_id=T1036,technique_name=Masquerading\\r\\nUtcTime: 2023-01-10 07:51:57.284\\r\\nProcessGuid: {6656408f-191e-63bd-e501-000000000900}\\r\\nProcessId: 3056\\r\\nImage: C:\\\\Users\\\\wazuh\\\\AppData\\\\Local\\\\Temp\\\\d003af69b2\\\\@opensearch-dashboards-highlighted-field@nbveek.exe@/opensearch-dashboards-highlighted-field@\\r\\nUser: WINDOWS\\\\wazuh\\r\\nProtocol: tcp\\r\\nInitiated: true\\r\\nSourceIsIpv6: false\\r\\nSourceIp: 10.0.16.136\\r\\nSourceHostname: -\\r\\nSourcePort: 49765\\r\\nSourcePortName: -\\r\\nDestinationIsIpv6: false\\r\\nDestinationIp: 62.204.41.182\\r\\nDestinationHostname: -\\r\\nDestinationPort: 80\\r\\nDestinationPortName: -\\\"\"},\"eventdata\":{\"ruleName\":\"technique_id=T1036,technique_name=Masquerading\",\"utcTime\":\"2023-01-10 07:51:57.284\",\"processGuid\":\"{6656408f-191e-63bd-e501-000000000900}\",\"processId\":\"3056\",\"image\":\"C:\\\\\\\\Users\\\\\\\\wazuh\\\\\\\\AppData\\\\\\\\Local\\\\\\\\Temp\\\\\\\\d003af69b2\\\\\\\\@opensearch-dashboards-highlighted-field@nbveek.exe@/opensearch-dashboards-highlighted-field@\",\"user\":\"WINDOWS\\\\\\\\wazuh\",\"protocol\":\"tcp\",\"initiated\":\"true\",\"sourceIsIpv6\":\"false\",\"sourceIp\":\"10.0.16.136\",\"sourcePort\":\"49765\",\"destinationIsIpv6\":\"false\",\"destinationIp\":\"62.204.41.182\",\"destinationPort\":\"80\"}}}"
    ]
  },
  "sort": [
    1673337120152
  ]
}
